
GET /contacts/ 20-04-2023__11:48:41
GET / 20-04-2023__11:48:45
GET /contacts 21-04-2023__05:42:19
GET / 21-04-2023__05:42:24
GET /ii 21-04-2023__05:44:24
GET /cont 21-04-2023__05:44:33
GET /ii 21-04-2023__05:45:25
GET /cont 21-04-2023__05:45:33
GET /api/contacts 24-04-2023__08:33:08
GET /api/contacts 24-04-2023__08:33:43
GET /contacts 24-04-2023__08:34:23
GET /contacts 24-04-2023__08:37:46
GET /api/contacts/ 24-04-2023__08:38:12
GET /api/contacts/ 25-04-2023__06:54:07
GET /api/contacts/ 25-04-2023__07:18:53
GET /api/contacts/ 25-04-2023__07:20:22
GET /api/contacts/ 25-04-2023__07:22:07
GET /api/contacts/ 25-04-2023__07:49:58
GET /api/contacts/ 25-04-2023__07:50:14
GET /api/contacts/AeHIrLTr6JkxGE6SN-0Rw/ 25-04-2023__07:53:19
GET /api/contacts/AeHIrLTr6JkxGE6SN-0Rw/ 25-04-2023__07:56:33
GET /api/contacts/AeHIrLTr6JkxGE6SN-0Rw 25-04-2023__07:56:40
GET /api/contacts/AeHIrLTr6JkxGE6SN-0Rw 25-04-2023__07:57:00
GET /api/contacts/AeHIrLTr6JkxGE6SN-0Rw 25-04-2023__07:58:33
GET /api/contacts/AeHIrLTr6JkxGE6SN-0R 25-04-2023__08:56:37
GET /api/contacts/AeHIrLTr6JkxGE6SN-0R 25-04-2023__09:09:15
GET /api/contacts/AeHIrLTr6JkxGE6SN-0R 25-04-2023__09:09:51
GET /api/contacts/AeHIrLTr6JkxGE6SN-0R 25-04-2023__09:10:29
GET /api/contacts/AeHIrLTr6JkxGE6SN-0R 25-04-2023__09:14:24
GET /api/contacts/ 25-04-2023__09:14:29
GET /api/contacts2/ 25-04-2023__09:14:34
GET /api/contacts/ 25-04-2023__09:23:32
POST /api/contacts/ 25-04-2023__09:25:31
POST /api/contacts 25-04-2023__09:26:15
POST /api/contacts 25-04-2023__09:30:46
POST /api/contacts 25-04-2023__09:31:23
POST /api/contacts 25-04-2023__09:34:03
POST /api/contacts 25-04-2023__09:35:05
POST /api/contacts 25-04-2023__09:42:45
POST /api/contacts 25-04-2023__09:43:29
POST /api/contacts 25-04-2023__09:45:10
POST /api/contacts 25-04-2023__09:45:34
PUT /api/contacts/9So2R7n5X2aYmug1GzJui 25-04-2023__10:00:12
PUT /api/contacts/9So2R7n5X2aYmug1GzJui 25-04-2023__10:01:15
DELETE /api/contacts/9So2R7n5X2aYmug1GzJui 25-04-2023__10:06:23
POST /api/contacts 25-04-2023__10:07:08
DELETE /api/contacts/6lJzRfQLUe3Nh-22E5u9C 25-04-2023__10:07:33
POST /api/contacts 25-04-2023__10:09:30
DELETE /api/contacts/i3aDPDy8f_2TtOPwkKax6 25-04-2023__10:09:40
POST /api/contacts 25-04-2023__10:10:28
DELETE /api/contacts/UQCFtwAbr9juSAA8qWald 25-04-2023__10:10:37
DELETE /api/contacts/UQCFtwAbr9juSAA8qWal 25-04-2023__10:10:41
GET /api/contacts/ 25-04-2023__10:14:24
GET /api/contacts/AeHIrLTr6JkxGE6SN-0Rw 25-04-2023__10:15:46
GET /api/contacts 25-04-2023__10:19:03
POST /api/contacts 25-04-2023__10:21:42
POST /api/contacts 25-04-2023__10:21:53
POST /api/contacts 25-04-2023__10:24:21
DELETE /api/contacts/29FRUNr6tyvSrvgsY42iz 25-04-2023__10:24:35
PUT /api/contacts/rsKkOQUi80UsgVPCcLZZW 25-04-2023__10:27:17
GET /api/contacts 28-04-2023__07:33:39
GET / 11-05-2023__06:32:25
GET /favicon.ico 11-05-2023__06:32:26
GET /api/contacts 11-05-2023__06:32:50
GET /api/contacts/645d0304fc3eec3cb82554f3 11-05-2023__06:37:44
GET /api/contacts/645d0304fc3eec3cb82554f3 11-05-2023__06:39:42
GET /api/contacts 11-05-2023__06:40:09
GET /api/contacts/644c0a1d60e71bf60994759a/ 11-05-2023__06:40:32
GET /api/contacts/644c0a1d60e71bf60994759a 11-05-2023__06:40:36
GET /api/contacts/644c0a1d60e71bf60994759a 11-05-2023__06:41:35
GET /api/contacts/644c0a1d60e71bf60994759a/ 11-05-2023__06:41:40
GET /api/contacts/644c0a1d60e71bf60994759 11-05-2023__06:42:15
GET /api/contacts/644c0a1d60e71bf60994759 11-05-2023__06:42:48
GET /api/contacts/644c0a1d60e71bf60994759f 11-05-2023__06:43:00
GET /api/contacts/644c0a1d60e71bf609 11-05-2023__06:43:30
GET /api/contacts/6 11-05-2023__06:43:35
GET /api/contacts/6 11-05-2023__06:47:27
GET /api/contacts/644c0a1d60e71bf60994759e 11-05-2023__06:47:42
PUT /api/contacts/645d0304fc3eec3cb82554f3 11-05-2023__07:01:49
PUT /api/contacts/645d0304fc3eec3cb82554f3 11-05-2023__07:01:57
PUT /api/contacts/645d0304fc3eec3cb82554f3/ 11-05-2023__07:02:07
PUT /api/contacts/645d0304fc3eec3cb82554f3/ 11-05-2023__07:02:47
PUT /api/contacts/645d0304fc3eec3cb82554f3/favorite 11-05-2023__07:03:04
PATCH /api/contacts/645d0304fc3eec3cb82554f3/favorite 11-05-2023__07:03:44
PUT /api/contacts/645d0304fc3eec3cb82554f3 11-05-2023__07:06:48
PUT /api/contacts/645d0304fc3eec3cb82554f 11-05-2023__07:10:02
PUT /api/contacts/645d0304fc3eec3cb82554f/ 11-05-2023__07:10:15
PUT /api/contacts/645d0304fc3eec3cb82554f3 11-05-2023__07:10:29
PUT /api/contacts/645d0304fc3eec3cb82554f3 11-05-2023__07:11:19
PATCH /api/contacts/645d0304fc3eec3cb82554f3 11-05-2023__07:11:32
PUT /api/contacts/645d0304fc3eec3cb82554f3 11-05-2023__07:11:37
PUT /api/contacts/645d0304fc3eec3cb82554f3 11-05-2023__07:12:11
PUT /api/contacts/645d0304fc3eec3cb82554f3 11-05-2023__07:12:14
PATCH /api/contacts/645d0304fc3eec3cb82554f3 11-05-2023__07:12:26
PUT /api/contacts/645d0304fc3eec3cb82554f3 11-05-2023__07:12:31
PUT /api/contacts/645d0304fc3eec3cb82554f3 11-05-2023__07:13:52
GET /api/contacts 11-05-2023__07:14:01
GET /api/contacts/644c0a1d60e71bf60994759e 11-05-2023__07:14:08
PUT /api/contacts/645d0304fc3eec3cb82554f3 11-05-2023__07:16:12
PUT /api/contacts/645d0304fc3eec3cb82554f3 11-05-2023__07:17:00
PATCH /api/contacts/645d0304fc3eec3cb82554f3/favorite 11-05-2023__07:20:14
PATCH /api/contacts/645d0304fc3eec3cb82554f3/favorite 11-05-2023__07:20:25
PATCH /api/contacts/645d0304fc3eec3cb82554f3/favorite 11-05-2023__07:20:52
PATCH /api/contacts/645d0304fc3eec3cb82554f3/favorite 11-05-2023__07:24:10
PATCH /api/contacts/645d0304fc3eec3cb82554f3/favorite 11-05-2023__07:25:19
PATCH /api/contacts/645d0304fc3eec3cb82554f3/favorite 11-05-2023__07:25:55
PATCH /api/contacts/644c0a1d60e71bf60994759e/favorite 11-05-2023__07:26:31
PATCH /api/contacts/644c0a1d60e71bf60994759e/favorite 11-05-2023__07:26:36
PATCH /api/contacts/644c0a1d60e71bf60994759e/favorite 11-05-2023__07:26:59
PATCH /api/contacts/644c0a1d60e71bf60994759e/favorite 11-05-2023__07:27:29
PATCH /api/contacts/644c0a1d60e71bf60994759e/favorite 11-05-2023__07:28:07
PATCH /api/contacts/644c0a1d60e71bf60994759e/favorite 11-05-2023__07:28:26
PUT /api/contacts/644c0a1d60e71bf60994759e 11-05-2023__07:28:42
PUT /api/contacts/644c0a1d60e71bf60994759e 11-05-2023__07:29:02
GET /api/contacts 11-05-2023__07:29:34
PUT /api/contacts/644c0a1d60e71bf609947599 11-05-2023__07:30:08
PUT /api/contacts/644c0a1d60e71bf609947599/ 11-05-2023__07:30:25
PUT /api/contacts/644c0a1d60e71bf609947599/ 11-05-2023__07:32:22
PUT /api/contacts/644c0a1d60e71bf609947599/ 11-05-2023__07:32:32
PATCH /api/contacts/644c0a1d60e71bf609947599/favorite 11-05-2023__07:33:27
PATCH /api/contacts/645d0304fc3eec3cb82554f3/favorite 11-05-2023__07:33:58
DELETE /api/contacts/645d0304fc3eec3cb82554f3 11-05-2023__08:41:27
GET /api/contacts 11-05-2023__08:41:34
POST /api/contacts 11-05-2023__08:44:27